  main.cpp
C:\Users\any\Desktop\work\graphics\Opengl-Cook-Torrance-PBR\Opengl-Cook-Torrance-PBR\shader.h(4,10): warning C4067: 预处理器指令后有意外标记 - 应输入换行符
  (编译源文件“main.cpp”)
  
C:\Users\any\Desktop\work\graphics\Opengl-Cook-Torrance-PBR\Opengl-Cook-Torrance-PBR\main.cpp(83,16): warning C4244: “初始化”: 从“double”转换到“GLfloat”，可能丢失数据
C:\Users\any\Desktop\work\graphics\Opengl-Cook-Torrance-PBR\Opengl-Cook-Torrance-PBR\main.cpp(84,16): warning C4244: “初始化”: 从“double”转换到“GLfloat”，可能丢失数据
C:\Users\any\Desktop\work\graphics\Opengl-Cook-Torrance-PBR\Opengl-Cook-Torrance-PBR\main.cpp(85,16): warning C4244: “初始化”: 从“double”转换到“GLfloat”，可能丢失数据
C:\Users\any\Desktop\work\graphics\Opengl-Cook-Torrance-PBR\Opengl-Cook-Torrance-PBR\main.cpp(88,18): warning C4244: “初始化”: 从“double”转换到“GLfloat”，可能丢失数据
C:\Users\any\Desktop\work\graphics\Opengl-Cook-Torrance-PBR\Opengl-Cook-Torrance-PBR\main.cpp(89,18): warning C4244: “初始化”: 从“double”转换到“GLfloat”，可能丢失数据
C:\Users\any\Desktop\work\graphics\Opengl-Cook-Torrance-PBR\Opengl-Cook-Torrance-PBR\main.cpp(90,18): warning C4244: “初始化”: 从“double”转换到“GLfloat”，可能丢失数据
C:\Users\any\Desktop\work\graphics\Opengl-Cook-Torrance-PBR\Opengl-Cook-Torrance-PBR\main.cpp(145,24): warning C4305: “参数”: 从“double”到“GLfloat”截断
C:\Users\any\Desktop\work\graphics\Opengl-Cook-Torrance-PBR\Opengl-Cook-Torrance-PBR\main.cpp(145,20): warning C4305: “参数”: 从“double”到“GLfloat”截断
C:\Users\any\Desktop\work\graphics\Opengl-Cook-Torrance-PBR\Opengl-Cook-Torrance-PBR\main.cpp(145,16): warning C4305: “参数”: 从“double”到“GLfloat”截断
C:\Users\any\Desktop\work\graphics\Opengl-Cook-Torrance-PBR\Opengl-Cook-Torrance-PBR\main.cpp(182,27): warning C4305: “初始化”: 从“double”到“GLfloat”截断
C:\Users\any\Desktop\work\graphics\Opengl-Cook-Torrance-PBR\Opengl-Cook-Torrance-PBR\main.cpp(183,30): warning C4305: “初始化”: 从“double”到“GLfloat”截断
C:\Users\any\Desktop\work\graphics\Opengl-Cook-Torrance-PBR\Opengl-Cook-Torrance-PBR\main.cpp(241,11): warning C4244: “=”: 从“double”转换到“float”，可能丢失数据
C:\Users\any\Desktop\work\graphics\Opengl-Cook-Torrance-PBR\Opengl-Cook-Torrance-PBR\main.cpp(242,11): warning C4244: “=”: 从“double”转换到“float”，可能丢失数据
C:\Users\any\Desktop\work\graphics\Opengl-Cook-Torrance-PBR\Opengl-Cook-Torrance-PBR\main.cpp(245,16): warning C4244: “初始化”: 从“double”转换到“float”，可能丢失数据
C:\Users\any\Desktop\work\graphics\Opengl-Cook-Torrance-PBR\Opengl-Cook-Torrance-PBR\main.cpp(246,16): warning C4244: “初始化”: 从“double”转换到“float”，可能丢失数据
C:\Users\any\Desktop\work\graphics\Opengl-Cook-Torrance-PBR\Opengl-Cook-Torrance-PBR\main.cpp(247,10): warning C4244: “=”: 从“double”转换到“float”，可能丢失数据
C:\Users\any\Desktop\work\graphics\Opengl-Cook-Torrance-PBR\Opengl-Cook-Torrance-PBR\main.cpp(248,10): warning C4244: “=”: 从“double”转换到“float”，可能丢失数据
  Opengl-Cook-Torrance-PBR.vcxproj -> C:\Users\any\Desktop\work\graphics\Opengl-Cook-Torrance-PBR\Opengl-Cook-Torrance-PBR\x64\Debug\Opengl-Cook-Torrance-PBR.exe
